c:\users\thiag\source\repos\estudo\estudo\x64\debug\vc143.pdb
c:\users\thiag\source\repos\estudo\estudo\x64\debug\vc143.idb
c:\users\thiag\source\repos\estudo\estudo\x64\debug\avaliador.nativecodeanalysis.sarif
c:\users\thiag\source\repos\estudo\estudo\x64\debug\avaliador.nativecodeanalysis.xml
c:\users\thiag\source\repos\estudo\estudo\x64\debug\lance.nativecodeanalysis.sarif
c:\users\thiag\source\repos\estudo\estudo\x64\debug\lance.nativecodeanalysis.xml
c:\users\thiag\source\repos\estudo\estudo\x64\debug\leilao.nativecodeanalysis.sarif
c:\users\thiag\source\repos\estudo\estudo\x64\debug\leilao.nativecodeanalysis.xml
c:\users\thiag\source\repos\estudo\estudo\x64\debug\main.nativecodeanalysis.sarif
c:\users\thiag\source\repos\estudo\estudo\x64\debug\main.nativecodeanalysis.xml
c:\users\thiag\source\repos\estudo\estudo\x64\debug\teste avaliador.nativecodeanalysis.sarif
c:\users\thiag\source\repos\estudo\estudo\x64\debug\teste avaliador.nativecodeanalysis.xml
c:\users\thiag\source\repos\estudo\estudo\x64\debug\usuario.nativecodeanalysis.sarif
c:\users\thiag\source\repos\estudo\estudo\x64\debug\usuario.nativecodeanalysis.xml
c:\users\thiag\source\repos\estudo\estudo\x64\debug\usuario.obj
c:\users\thiag\source\repos\estudo\estudo\x64\debug\teste avaliador.obj
c:\users\thiag\source\repos\estudo\estudo\x64\debug\main.obj
c:\users\thiag\source\repos\estudo\estudo\x64\debug\leilao.obj
c:\users\thiag\source\repos\estudo\estudo\x64\debug\lance.obj
c:\users\thiag\source\repos\estudo\estudo\x64\debug\avaliador.obj
c:\users\thiag\source\repos\estudo\x64\debug\estudo.exe
c:\users\thiag\source\repos\estudo\x64\debug\estudo.pdb
c:\users\thiag\source\repos\estudo\estudo\x64\debug\estudo.ilk
c:\users\thiag\source\repos\estudo\estudo\x64\debug\vc.nativecodeanalysis.all.xml
c:\users\thiag\source\repos\estudo\estudo\x64\debug\estudo.tlog\cl.command.1.tlog
c:\users\thiag\source\repos\estudo\estudo\x64\debug\estudo.tlog\cl.items.tlog
c:\users\thiag\source\repos\estudo\estudo\x64\debug\estudo.tlog\cl.read.1.tlog
c:\users\thiag\source\repos\estudo\estudo\x64\debug\estudo.tlog\cl.write.1.tlog
c:\users\thiag\source\repos\estudo\estudo\x64\debug\estudo.tlog\link.command.1.tlog
c:\users\thiag\source\repos\estudo\estudo\x64\debug\estudo.tlog\link.read.1.tlog
c:\users\thiag\source\repos\estudo\estudo\x64\debug\estudo.tlog\link.secondary.1.tlog
c:\users\thiag\source\repos\estudo\estudo\x64\debug\estudo.tlog\link.write.1.tlog
